[0m[[0m[0mdebug[0m] [0m[0m> Exec(test, Some(5f255bdf-23cc-45fc-aa37-4daef9c50fde), Some(CommandSource(console0)))[0m
[0m[[0m[0mdebug[0m] [0m[0mEvaluating tasks: Test / test[0m
[0m[[0m[0mdebug[0m] [0m[0mRunning task... Cancel: Signal, check cycles: false, forcegc: true[0m
[0m[[0m[0minfo[0m] [0m[0mcompiling 1 Scala source to /home/knoldus/Documents/Practice/knolx/KnolxApp/target/scala-2.13/test-classes ...[0m
[0m[[0m[0minfo[0m] [0m[0m[32mInsertDBFunctionsSpec:[0m[0m
[0m[[0m[0minfo[0m] [0m[0m[32mInsertDBFunctionsSpec[0m[0m
[0m[[0m[0minfo[0m] [0m[0m[32m- should setClassTeacher[0m[0m
[0m[[0m[0minfo[0m] [0m[0m[32m- should forceInsertStudentWithId[0m[0m
[0m[[0m[0minfo[0m] [0m[0m[32m- should insertAndReturnId[0m[0m
[0m[[0m[0minfo[0m] [0m[0m[32m- should insertAndReturn[0m[0m
[0m[[0m[0minfo[0m] [0m[0m[32m- should insertAndSelectNewTeacher[0m[0m
[0m[[0m[0minfo[0m] [0m[0m[32m- should insertStudents[0m[0m
[0m[[0m[0minfo[0m] [0m[0m[32m- should addNewStudent[0m[0m
[0m[[0m[0minfo[0m] [0m[0m[32m- should insertStudentsAndReturn[0m[0m
[0m[[0m[0minfo[0m] [0m[0m[36mRun completed in 1 second, 647 milliseconds.[0m[0m
[0m[[0m[0minfo[0m] [0m[0m[36mTotal number of tests run: 8[0m[0m
[0m[[0m[0minfo[0m] [0m[0m[36mSuites: completed 1, aborted 0[0m[0m
[0m[[0m[0minfo[0m] [0m[0m[36mTests: succeeded 8, failed 0, canceled 0, ignored 0, pending 0[0m[0m
[0m[[0m[0minfo[0m] [0m[0m[32mAll tests passed.[0m[0m
[0m[[0m[32msuccess[0m] [0m[0mTotal time: 2 s, completed 13-Jun-2023, 11:23:48 PM[0m
[0m[[0m[0mdebug[0m] [0m[0m> Exec(shell, None, None)[0m
